<?xml version="1.0" encoding="UTF-8"?>
<!-- Generated by org.testng.reporters.JUnitReportReporter -->
<testsuite skipped="0" hostname="DESKTOP-6PRSILR" name="P1.first" tests="1" failures="0" timestamp="05 Jun 2021 14:54:27 GMT" time="12.621" errors="0">
  <testcase name="facebook" time="12.621" classname="P1.first"/>
</testsuite> <!-- P1.first -->
