<?xml version="1.0" encoding="UTF-8"?>
<!-- Generated by org.testng.reporters.JUnitReportReporter -->
<testsuite skipped="0" hostname="DESKTOP-6PRSILR" name="P1.first" tests="1" failures="0" timestamp="05 Jun 2021 13:16:22 GMT" time="8.649" errors="0">
  <testcase name="facebook" time="8.649" classname="P1.first"/>
</testsuite> <!-- P1.first -->
